<?xml version="1.0" encoding="UTF-8"?>
<coverage generated="1663176557298" clover="3.2.0">
  <project timestamp="1663176557299" name="All files">
    <metrics statements="23" coveredstatements="18" conditionals="8" coveredconditionals="7" methods="20" coveredmethods="15" elements="51" coveredelements="40" complexity="0" loc="23" ncloc="23" packages="2" files="3" classes="3"/>
    <package name="controler">
      <metrics statements="2" coveredstatements="2" conditionals="3" coveredconditionals="3" methods="1" coveredmethods="1"/>
      <file name="outward.js" path="/home/fran/Documents/taller2/App/src/controler/outward.js">
        <metrics statements="2" coveredstatements="2" conditionals="3" coveredconditionals="3" methods="1" coveredmethods="1"/>
        <line num="1" count="1" type="stmt"/>
        <line num="7" count="2" type="cond" truecount="2" falsecount="0"/>
      </file>
    </package>
    <package name="model">
      <metrics statements="21" coveredstatements="16" conditionals="5" coveredconditionals="4" methods="19" coveredmethods="14"/>
      <file name="textInput.js" path="/home/fran/Documents/taller2/App/src/model/textInput.js">
        <metrics statements="8" coveredstatements="8" conditionals="1" coveredconditionals="0" methods="6" coveredmethods="6"/>
        <line num="3" count="6" type="stmt"/>
        <line num="5" count="6" type="stmt"/>
        <line num="9" count="1" type="stmt"/>
        <line num="13" count="2" type="stmt"/>
        <line num="17" count="1" type="stmt"/>
        <line num="21" count="4" type="stmt"/>
        <line num="25" count="1" type="stmt"/>
        <line num="27" count="1" type="stmt"/>
      </file>
      <file name="textType.js" path="/home/fran/Documents/taller2/App/src/model/textType.js">
        <metrics statements="13" coveredstatements="8" conditionals="4" coveredconditionals="4" methods="13" coveredmethods="8"/>
        <line num="2" count="4" type="cond" truecount="2" falsecount="0"/>
        <line num="3" count="2" type="stmt"/>
        <line num="6" count="2" type="stmt"/>
        <line num="11" count="2" type="stmt"/>
        <line num="15" count="1" type="stmt"/>
        <line num="20" count="2" type="cond" truecount="2" falsecount="0"/>
        <line num="24" count="0" type="stmt"/>
        <line num="28" count="0" type="stmt"/>
        <line num="32" count="0" type="stmt"/>
        <line num="48" count="1" type="stmt"/>
        <line num="52" count="0" type="stmt"/>
        <line num="56" count="0" type="stmt"/>
        <line num="60" count="1" type="stmt"/>
      </file>
    </package>
  </project>
</coverage>
