{"/home/fran/Documents/taller2/App/src/controler/outward.js": {"path":"/home/fran/Documents/taller2/App/src/controler/outward.js","statementMap":{"0":{"start":{"line":1,"column":21},"end":{"line":1,"column":31}},"1":{"start":{"line":7,"column":8},"end":{"line":7,"column":42}}},"fnMap":{"0":{"name":"(anonymous_0)","decl":{"start":{"line":5,"column":4},"end":{"line":5,"column":5}},"loc":{"start":{"line":5,"column":29},"end":{"line":9,"column":5}},"line":5}},"branchMap":{"0":{"loc":{"start":{"line":5,"column":16},"end":{"line":5,"column":28}},"type":"default-arg","locations":[{"start":{"line":5,"column":24},"end":{"line":5,"column":28}}],"line":5},"1":{"loc":{"start":{"line":7,"column":21},"end":{"line":7,"column":42}},"type":"cond-expr","locations":[{"start":{"line":7,"column":29},"end":{"line":7,"column":34}},{"start":{"line":7,"column":37},"end":{"line":7,"column":42}}],"line":7}},"s":{"0":1,"1":2},"f":{"0":2},"b":{"0":[1],"1":[1,1]},"_coverageSchema":"1a1c01bbd47fc00a2c39e90264f33305004495a9","hash":"3d84168e0f60cf0a9777044554311dda8ca329e4"}
,"/home/fran/Documents/taller2/App/src/model/textInput.js": {"path":"/home/fran/Documents/taller2/App/src/model/textInput.js","statementMap":{"0":{"start":{"line":3,"column":8},"end":{"line":3,"column":23}},"1":{"start":{"line":5,"column":8},"end":{"line":5,"column":27}},"2":{"start":{"line":9,"column":8},"end":{"line":9,"column":28}},"3":{"start":{"line":13,"column":8},"end":{"line":13,"column":26}},"4":{"start":{"line":17,"column":8},"end":{"line":17,"column":27}},"5":{"start":{"line":21,"column":8},"end":{"line":21,"column":25}},"6":{"start":{"line":25,"column":8},"end":{"line":25,"column":38}},"7":{"start":{"line":27,"column":8},"end":{"line":27,"column":34}}},"fnMap":{"0":{"name":"(anonymous_0)","decl":{"start":{"line":2,"column":4},"end":{"line":2,"column":5}},"loc":{"start":{"line":2,"column":17},"end":{"line":6,"column":5}},"line":2},"1":{"name":"(anonymous_1)","decl":{"start":{"line":8,"column":4},"end":{"line":8,"column":5}},"loc":{"start":{"line":8,"column":25},"end":{"line":10,"column":5}},"line":8},"2":{"name":"(anonymous_2)","decl":{"start":{"line":12,"column":4},"end":{"line":12,"column":5}},"loc":{"start":{"line":12,"column":10},"end":{"line":14,"column":5}},"line":12},"3":{"name":"(anonymous_3)","decl":{"start":{"line":16,"column":4},"end":{"line":16,"column":5}},"loc":{"start":{"line":16,"column":12},"end":{"line":18,"column":5}},"line":16},"4":{"name":"(anonymous_4)","decl":{"start":{"line":20,"column":4},"end":{"line":20,"column":5}},"loc":{"start":{"line":20,"column":13},"end":{"line":22,"column":5}},"line":20},"5":{"name":"(anonymous_5)","decl":{"start":{"line":24,"column":4},"end":{"line":24,"column":5}},"loc":{"start":{"line":24,"column":19},"end":{"line":28,"column":5}},"line":24}},"branchMap":{"0":{"loc":{"start":{"line":8,"column":12},"end":{"line":8,"column":24}},"type":"default-arg","locations":[{"start":{"line":8,"column":22},"end":{"line":8,"column":24}}],"line":8}},"s":{"0":6,"1":6,"2":1,"3":2,"4":1,"5":4,"6":1,"7":1},"f":{"0":6,"1":1,"2":2,"3":1,"4":4,"5":1},"b":{"0":[0]},"_coverageSchema":"1a1c01bbd47fc00a2c39e90264f33305004495a9","hash":"1b0a867e040f35719cc943097323d4f67b63cbee"}
,"/home/fran/Documents/taller2/App/src/model/textType.js": {"path":"/home/fran/Documents/taller2/App/src/model/textType.js","statementMap":{"0":{"start":{"line":2,"column":4},"end":{"line":4,"column":5}},"1":{"start":{"line":3,"column":8},"end":{"line":3,"column":34}},"2":{"start":{"line":6,"column":4},"end":{"line":6,"column":32}},"3":{"start":{"line":11,"column":8},"end":{"line":11,"column":27}},"4":{"start":{"line":15,"column":8},"end":{"line":15,"column":35}},"5":{"start":{"line":20,"column":8},"end":{"line":20,"column":47}},"6":{"start":{"line":24,"column":8},"end":{"line":24,"column":47}},"7":{"start":{"line":28,"column":8},"end":{"line":28,"column":20}},"8":{"start":{"line":32,"column":8},"end":{"line":32,"column":27}},"9":{"start":{"line":48,"column":8},"end":{"line":48,"column":20}},"10":{"start":{"line":52,"column":8},"end":{"line":52,"column":20}},"11":{"start":{"line":56,"column":8},"end":{"line":56,"column":21}},"12":{"start":{"line":60,"column":8},"end":{"line":60,"column":21}}},"fnMap":{"0":{"name":"createText","decl":{"start":{"line":1,"column":24},"end":{"line":1,"column":34}},"loc":{"start":{"line":1,"column":44},"end":{"line":7,"column":1}},"line":1},"1":{"name":"(anonymous_1)","decl":{"start":{"line":10,"column":4},"end":{"line":10,"column":5}},"loc":{"start":{"line":10,"column":17},"end":{"line":12,"column":5}},"line":10},"2":{"name":"(anonymous_2)","decl":{"start":{"line":14,"column":4},"end":{"line":14,"column":5}},"loc":{"start":{"line":14,"column":10},"end":{"line":16,"column":5}},"line":14},"3":{"name":"(anonymous_3)","decl":{"start":{"line":18,"column":4},"end":{"line":18,"column":5}},"loc":{"start":{"line":18,"column":13},"end":{"line":21,"column":5}},"line":18},"4":{"name":"(anonymous_4)","decl":{"start":{"line":23,"column":4},"end":{"line":23,"column":5}},"loc":{"start":{"line":23,"column":27},"end":{"line":25,"column":5}},"line":23},"5":{"name":"(anonymous_5)","decl":{"start":{"line":27,"column":4},"end":{"line":27,"column":5}},"loc":{"start":{"line":27,"column":16},"end":{"line":29,"column":5}},"line":27},"6":{"name":"(anonymous_6)","decl":{"start":{"line":31,"column":4},"end":{"line":31,"column":5}},"loc":{"start":{"line":31,"column":14},"end":{"line":33,"column":5}},"line":31},"7":{"name":"(anonymous_7)","decl":{"start":{"line":38,"column":4},"end":{"line":38,"column":5}},"loc":{"start":{"line":38,"column":17},"end":{"line":40,"column":5}},"line":38},"8":{"name":"(anonymous_8)","decl":{"start":{"line":42,"column":4},"end":{"line":42,"column":5}},"loc":{"start":{"line":42,"column":10},"end":{"line":44,"column":5}},"line":42},"9":{"name":"(anonymous_9)","decl":{"start":{"line":46,"column":4},"end":{"line":46,"column":5}},"loc":{"start":{"line":46,"column":13},"end":{"line":49,"column":5}},"line":46},"10":{"name":"(anonymous_10)","decl":{"start":{"line":51,"column":4},"end":{"line":51,"column":5}},"loc":{"start":{"line":51,"column":27},"end":{"line":53,"column":5}},"line":51},"11":{"name":"(anonymous_11)","decl":{"start":{"line":55,"column":4},"end":{"line":55,"column":5}},"loc":{"start":{"line":55,"column":16},"end":{"line":57,"column":5}},"line":55},"12":{"name":"(anonymous_12)","decl":{"start":{"line":59,"column":4},"end":{"line":59,"column":5}},"loc":{"start":{"line":59,"column":14},"end":{"line":61,"column":5}},"line":59}},"branchMap":{"0":{"loc":{"start":{"line":2,"column":4},"end":{"line":4,"column":5}},"type":"if","locations":[{"start":{"line":2,"column":4},"end":{"line":4,"column":5}},{"start":{},"end":{}}],"line":2},"1":{"loc":{"start":{"line":20,"column":15},"end":{"line":20,"column":46}},"type":"cond-expr","locations":[{"start":{"line":20,"column":29},"end":{"line":20,"column":38}},{"start":{"line":20,"column":41},"end":{"line":20,"column":46}}],"line":20}},"s":{"0":4,"1":2,"2":2,"3":2,"4":1,"5":2,"6":0,"7":0,"8":0,"9":1,"10":0,"11":0,"12":1},"f":{"0":4,"1":2,"2":1,"3":2,"4":0,"5":0,"6":0,"7":2,"8":1,"9":1,"10":0,"11":0,"12":1},"b":{"0":[2,2],"1":[1,1]},"_coverageSchema":"1a1c01bbd47fc00a2c39e90264f33305004495a9","hash":"ffa951e954b8fbf9a19759c64424e388de13a9fd"}
}
